2024-02-20 00:49:33.839 PST [3664] LOG:  terminating walsender process due to replication timeout
2024-02-20 00:49:33.839 PST [3664] STATEMENT:  START_REPLICATION 0/E000000 TIMELINE 1
2024-02-20 23:33:18.180 PST [3147] LOG:  received fast shutdown request
2024-02-20 23:33:18.281 PST [3147] LOG:  aborting any active transactions
2024-02-20 23:33:18.313 PST [3147] LOG:  background worker "logical replication launcher" (PID 3157) exited with exit code 1
2024-02-20 23:33:18.313 PST [3151] LOG:  shutting down
2024-02-20 23:33:20.025 PST [3147] LOG:  database system is shut down
2024-02-27 19:41:17.941 PST [3593] LOG:  starting PostgreSQL 14.11 on x86_64-pc-linux-gnu, compiled by gcc (GCC) 4.8.5 20150623 (Red Hat 4.8.5-44), 64-bit
2024-02-27 19:41:17.945 PST [3593] LOG:  listening on IPv4 address "0.0.0.0", port 5432
2024-02-27 19:41:17.945 PST [3593] LOG:  listening on IPv6 address "::", port 5432
2024-02-27 19:41:17.954 PST [3593] LOG:  listening on Unix socket "/run/postgresql/.s.PGSQL.5432"
2024-02-27 19:41:17.956 PST [3593] LOG:  listening on Unix socket "/tmp/.s.PGSQL.5432"
2024-02-27 19:41:17.962 PST [3599] LOG:  database system was shut down at 2024-02-26 22:34:06 PST
2024-02-27 19:41:17.978 PST [3593] LOG:  database system is ready to accept connections
2024-02-27 20:00:23.653 PST [3593] LOG:  received fast shutdown request
2024-02-27 20:00:23.661 PST [3593] LOG:  aborting any active transactions
2024-02-27 20:00:23.662 PST [4375] FATAL:  terminating connection due to administrator command
2024-02-27 20:00:23.666 PST [3655] FATAL:  terminating connection due to administrator command
2024-02-27 20:00:23.679 PST [3593] LOG:  background worker "logical replication launcher" (PID 3606) exited with exit code 1
2024-02-27 20:00:23.680 PST [3600] LOG:  shutting down
2024-02-27 20:00:23.949 PST [3593] LOG:  database system is shut down
2024-02-27 20:13:35.293 PST [5167] LOG:  starting PostgreSQL 14.11 on x86_64-pc-linux-gnu, compiled by gcc (GCC) 4.8.5 20150623 (Red Hat 4.8.5-44), 64-bit
2024-02-27 20:13:35.295 PST [5167] LOG:  listening on IPv4 address "0.0.0.0", port 5432
2024-02-27 20:13:35.295 PST [5167] LOG:  listening on IPv6 address "::", port 5432
2024-02-27 20:13:35.305 PST [5167] LOG:  listening on Unix socket "/run/postgresql/.s.PGSQL.5432"
2024-02-27 20:13:35.307 PST [5167] LOG:  listening on Unix socket "/tmp/.s.PGSQL.5432"
2024-02-27 20:13:35.313 PST [5170] LOG:  database system was shut down at 2024-02-27 20:00:23 PST
2024-02-27 20:13:35.325 PST [5167] LOG:  database system is ready to accept connections
2024-02-27 20:28:20.078 PST [4220] LOG:  starting PostgreSQL 14.11 on x86_64-pc-linux-gnu, compiled by gcc (GCC) 4.8.5 20150623 (Red Hat 4.8.5-44), 64-bit
2024-02-27 20:28:20.080 PST [4220] LOG:  listening on IPv4 address "0.0.0.0", port 5432
2024-02-27 20:28:20.080 PST [4220] LOG:  listening on IPv6 address "::", port 5432
2024-02-27 20:28:20.083 PST [4220] LOG:  listening on Unix socket "/run/postgresql/.s.PGSQL.5432"
2024-02-27 20:28:20.085 PST [4220] LOG:  listening on Unix socket "/tmp/.s.PGSQL.5432"
2024-02-27 20:28:20.099 PST [4223] LOG:  database system was interrupted; last known up at 2024-02-27 20:28:06 PST
2024-02-27 20:28:20.111 PST [4223] LOG:  entering standby mode
2024-02-27 20:28:20.113 PST [4223] LOG:  redo starts at 0/33000028
2024-02-27 20:28:20.115 PST [4223] LOG:  consistent recovery state reached at 0/33000138
2024-02-27 20:28:20.115 PST [4220] LOG:  database system is ready to accept read-only connections
2024-02-27 20:28:20.159 PST [4227] LOG:  started streaming WAL from primary at 0/34000000 on timeline 3
2024-02-27 20:29:17.823 PST [4227] FATAL:  could not receive data from WAL stream: ERROR:  requested WAL segment 000000030000000000000034 has already been removed
2024-02-27 20:29:17.836 PST [4347] FATAL:  could not connect to the primary server: connection to server at "192.168.176.175", port 5432 failed: Connection refused
		Is the server running on that host and accepting TCP/IP connections?
2024-02-27 20:29:22.835 PST [4351] FATAL:  could not connect to the primary server: connection to server at "192.168.176.175", port 5432 failed: Connection refused
		Is the server running on that host and accepting TCP/IP connections?
2024-02-27 20:29:27.841 PST [4352] FATAL:  could not connect to the primary server: connection to server at "192.168.176.175", port 5432 failed: Connection refused
		Is the server running on that host and accepting TCP/IP connections?
2024-02-27 20:29:32.846 PST [4353] FATAL:  could not connect to the primary server: connection to server at "192.168.176.175", port 5432 failed: Connection refused
		Is the server running on that host and accepting TCP/IP connections?
2024-02-27 20:29:37.851 PST [4354] FATAL:  could not connect to the primary server: connection to server at "192.168.176.175", port 5432 failed: Connection refused
		Is the server running on that host and accepting TCP/IP connections?
2024-02-27 20:29:42.854 PST [4358] FATAL:  could not connect to the primary server: connection to server at "192.168.176.175", port 5432 failed: Connection refused
		Is the server running on that host and accepting TCP/IP connections?
2024-02-27 20:29:47.862 PST [4359] FATAL:  could not connect to the primary server: connection to server at "192.168.176.175", port 5432 failed: Connection refused
		Is the server running on that host and accepting TCP/IP connections?
2024-02-27 20:29:52.863 PST [4369] FATAL:  could not connect to the primary server: connection to server at "192.168.176.175", port 5432 failed: Connection refused
		Is the server running on that host and accepting TCP/IP connections?
2024-02-27 20:29:57.868 PST [4370] FATAL:  could not connect to the primary server: connection to server at "192.168.176.175", port 5432 failed: Connection refused
		Is the server running on that host and accepting TCP/IP connections?
2024-02-27 20:30:02.869 PST [4385] FATAL:  could not connect to the primary server: connection to server at "192.168.176.175", port 5432 failed: Connection refused
		Is the server running on that host and accepting TCP/IP connections?
2024-02-27 20:30:07.872 PST [4386] FATAL:  could not connect to the primary server: connection to server at "192.168.176.175", port 5432 failed: Connection refused
		Is the server running on that host and accepting TCP/IP connections?
2024-02-27 20:30:09.638 PST [4223] LOG:  received promote request
2024-02-27 20:30:09.638 PST [4223] LOG:  redo done at 0/34001898 system usage: CPU: user: 0.00 s, system: 0.00 s, elapsed: 109.52 s
2024-02-27 20:30:09.638 PST [4223] LOG:  last completed transaction was at log time 2024-02-27 20:28:33.451945-08
2024-02-27 20:30:09.639 PST [4223] LOG:  selected new timeline ID: 4
2024-02-27 20:30:09.694 PST [4223] LOG:  archive recovery complete
2024-02-27 20:30:09.701 PST [4220] LOG:  database system is ready to accept connections
2024-02-27 20:34:10.452 PST [4220] LOG:  received fast shutdown request
2024-02-27 20:34:10.455 PST [4220] LOG:  aborting any active transactions
2024-02-27 20:34:10.455 PST [4420] FATAL:  terminating connection due to administrator command
2024-02-27 20:34:10.459 PST [4239] FATAL:  terminating connection due to administrator command
2024-02-27 20:34:10.472 PST [4220] LOG:  background worker "logical replication launcher" (PID 4394) exited with exit code 1
2024-02-27 20:34:10.472 PST [4224] LOG:  shutting down
2024-02-27 20:34:10.619 PST [4411] ERROR:  requested WAL segment 000000040000000000000037 has already been removed
2024-02-27 20:34:10.619 PST [4411] STATEMENT:  START_REPLICATION 0/37000000 TIMELINE 4
2024-02-27 20:35:54.676 PST [4837] LOG:  starting PostgreSQL 14.11 on x86_64-pc-linux-gnu, compiled by gcc (GCC) 4.8.5 20150623 (Red Hat 4.8.5-44), 64-bit
2024-02-27 20:35:54.677 PST [4837] LOG:  listening on IPv4 address "0.0.0.0", port 5432
2024-02-27 20:35:54.677 PST [4837] LOG:  listening on IPv6 address "::", port 5432
2024-02-27 20:35:54.681 PST [4837] LOG:  listening on Unix socket "/run/postgresql/.s.PGSQL.5432"
2024-02-27 20:35:54.683 PST [4837] LOG:  listening on Unix socket "/tmp/.s.PGSQL.5432"
2024-02-27 20:35:54.686 PST [4841] LOG:  database system was shut down at 2024-02-27 20:34:10 PST
2024-02-27 20:35:54.691 PST [4837] LOG:  database system is ready to accept connections
2024-02-27 20:51:21.161 PST [4837] LOG:  received fast shutdown request
2024-02-27 20:51:21.182 PST [4837] LOG:  aborting any active transactions
2024-02-27 20:51:21.183 PST [4862] FATAL:  terminating connection due to administrator command
2024-02-27 20:51:21.186 PST [5601] FATAL:  terminating connection due to administrator command
2024-02-27 20:51:21.202 PST [4837] LOG:  background worker "logical replication launcher" (PID 4848) exited with exit code 1
2024-02-27 20:51:21.203 PST [4842] LOG:  shutting down
2024-02-27 20:51:21.226 PST [5768] FATAL:  the database system is shutting down
2024-02-27 20:51:21.245 PST [5769] FATAL:  the database system is shutting down
2024-02-27 20:51:21.269 PST [5771] FATAL:  the database system is shutting down
2024-02-27 20:51:21.326 PST [5596] ERROR:  requested WAL segment 00000004000000000000003A has already been removed
2024-02-27 20:51:21.326 PST [5596] STATEMENT:  START_REPLICATION 0/3A000000 TIMELINE 4
2024-02-27 20:51:21.336 PST [4837] LOG:  database system is shut down
2024-02-27 20:52:54.189 PST [5827] LOG:  starting PostgreSQL 14.11 on x86_64-pc-linux-gnu, compiled by gcc (GCC) 4.8.5 20150623 (Red Hat 4.8.5-44), 64-bit
2024-02-27 20:52:54.193 PST [5827] LOG:  listening on IPv4 address "0.0.0.0", port 5432
2024-02-27 20:52:54.194 PST [5827] LOG:  listening on IPv6 address "::", port 5432
2024-02-27 20:52:54.202 PST [5827] LOG:  listening on Unix socket "/run/postgresql/.s.PGSQL.5432"
2024-02-27 20:52:54.204 PST [5827] LOG:  listening on Unix socket "/tmp/.s.PGSQL.5432"
2024-02-27 20:52:54.208 PST [5830] LOG:  database system was shut down at 2024-02-27 20:51:21 PST
2024-02-27 20:52:54.212 PST [5827] LOG:  database system is ready to accept connections
